<?xml version="1.0" encoding="UTF-8"?>
<!-- Generated by org.testng.reporters.JUnitReportReporter -->
<testsuite hostname="Sarawat" failures="0" tests="1" name="loginTest.openFacebook" time="0.279" errors="0" timestamp="2023-09-17T23:48:19 EDT" skipped="0">
  <testcase classname="loginTest.openFacebook" name="logInTest1" time="0.279"/>
  <system-out/>
</testsuite> <!-- loginTest.openFacebook -->
