<?xml version="1.0" encoding="UTF-8"?>
<!-- Generated by org.testng.reporters.JUnitReportReporter -->
<testsuite hostname="Sarawat" failures="0" tests="2" name="loginTest.openFacebook" time="0.405" errors="0" timestamp="2023-09-19T23:07:17 EDT" skipped="0">
  <testcase classname="loginTest.openFacebook" name="assertionTest" time="0.067"/>
  <system-out/>
  <testcase classname="loginTest.openFacebook" name="logInTest1" time="0.338"/>
  <system-out/>
</testsuite> <!-- loginTest.openFacebook -->
